# JRE version: Java(TM) SE Runtime Environment (8.0_102-b14) (build 1.8.0_102-b14)
# Java VM: Java HotSpot(TM) 64-Bit Server VM (25.102-b14 mixed mode windows-amd64 compressed oops)
Heap:
 PSYoungGen      total 137728K, used 92930K [0x00000000ebb80000, 0x00000000f4c80000, 0x0000000100000000)
  eden space 126976K, 73% used [0x00000000ebb80000,0x00000000f1640910,0x00000000f3780000)
  from space 10752K, 0% used [0x00000000f4200000,0x00000000f4200000,0x00000000f4c80000)
  to   space 10752K, 0% used [0x00000000f3780000,0x00000000f3780000,0x00000000f4200000)
 ParOldGen       total 39424K, used 12307K [0x00000000c3200000, 0x00000000c5880000, 0x00000000ebb80000)
  object space 39424K, 31% used [0x00000000c3200000,0x00000000c3e04ff0,0x00000000c5880000)
 Metaspace       used 25013K, capacity 25280K, committed 25600K, reserved 1071104K
  class space    used 3122K, capacity 3221K, committed 3328K, reserved 1048576K
GC Heap History (10 events):
Event: 3.269 GC heap before
{Heap before GC invocations=3 (full 0):
 PSYoungGen      total 34304K, used 34287K [0x00000000ebb80000, 0x00000000edf80000, 0x0000000100000000)
  eden space 31744K, 100% used [0x00000000ebb80000,0x00000000eda80000,0x00000000eda80000)
  from space 2560K, 99% used [0x00000000edd00000,0x00000000edf7bf68,0x00000000edf80000)
  to   space 2560K, 0% used [0x00000000eda80000,0x00000000eda80000,0x00000000edd00000)
 ParOldGen       total 42496K, used 407K [0x00000000c3200000, 0x00000000c5b80000, 0x00000000ebb80000)
  object space 42496K, 0% used [0x00000000c3200000,0x00000000c3265c18,0x00000000c5b80000)
 Metaspace       used 12077K, capacity 12166K, committed 12288K, reserved 1060864K
  class space    used 1429K, capacity 1467K, committed 1536K, reserved 1048576K
Event: 3.324 GC heap after
Heap after GC invocations=3 (full 0):
 PSYoungGen      total 34304K, used 2530K [0x00000000ebb80000, 0x00000000efe80000, 0x0000000100000000)
  eden space 31744K, 0% used [0x00000000ebb80000,0x00000000ebb80000,0x00000000eda80000)
  from space 2560K, 98% used [0x00000000eda80000,0x00000000edcf8bf0,0x00000000edd00000)
  to   space 2560K, 0% used [0x00000000efc00000,0x00000000efc00000,0x00000000efe80000)
 ParOldGen       total 42496K, used 3660K [0x00000000c3200000, 0x00000000c5b80000, 0x00000000ebb80000)
  object space 42496K, 8% used [0x00000000c3200000,0x00000000c3593398,0x00000000c5b80000)
 Metaspace       used 12077K, capacity 12166K, committed 12288K, reserved 1060864K
  class space    used 1429K, capacity 1467K, committed 1536K, reserved 1048576K
}
Event: 4.237 GC heap before
{Heap before GC invocations=4 (full 0):
 PSYoungGen      total 34304K, used 34274K [0x00000000ebb80000, 0x00000000efe80000, 0x0000000100000000)
  eden space 31744K, 100% used [0x00000000ebb80000,0x00000000eda80000,0x00000000eda80000)
  from space 2560K, 98% used [0x00000000eda80000,0x00000000edcf8bf0,0x00000000edd00000)
  to   space 2560K, 0% used [0x00000000efc00000,0x00000000efc00000,0x00000000efe80000)
 ParOldGen       total 42496K, used 3660K [0x00000000c3200000, 0x00000000c5b80000, 0x00000000ebb80000)
  object space 42496K, 8% used [0x00000000c3200000,0x00000000c3593398,0x00000000c5b80000)
 Metaspace       used 16738K, capacity 16958K, committed 17024K, reserved 1064960K
  class space    used 2065K, capacity 2127K, committed 2176K, reserved 1048576K
Event: 4.253 GC heap after
Heap after GC invocations=4 (full 0):
 PSYoungGen      total 66048K, used 2544K [0x00000000ebb80000, 0x00000000efe80000, 0x0000000100000000)
  eden space 63488K, 0% used [0x00000000ebb80000,0x00000000ebb80000,0x00000000ef980000)
  from space 2560K, 99% used [0x00000000efc00000,0x00000000efe7c040,0x00000000efe80000)
  to   space 2560K, 0% used [0x00000000ef980000,0x00000000ef980000,0x00000000efc00000)
 ParOldGen       total 42496K, used 10714K [0x00000000c3200000, 0x00000000c5b80000, 0x00000000ebb80000)
  object space 42496K, 25% used [0x00000000c3200000,0x00000000c3c76850,0x00000000c5b80000)
 Metaspace       used 16738K, capacity 16958K, committed 17024K, reserved 1064960K
  class space    used 2065K, capacity 2127K, committed 2176K, reserved 1048576K
}
Event: 5.338 GC heap before
{Heap before GC invocations=5 (full 0):
 PSYoungGen      total 66048K, used 66032K [0x00000000ebb80000, 0x00000000efe80000, 0x0000000100000000)
  eden space 63488K, 100% used [0x00000000ebb80000,0x00000000ef980000,0x00000000ef980000)
  from space 2560K, 99% used [0x00000000efc00000,0x00000000efe7c040,0x00000000efe80000)
  to   space 2560K, 0% used [0x00000000ef980000,0x00000000ef980000,0x00000000efc00000)
 ParOldGen       total 42496K, used 10714K [0x00000000c3200000, 0x00000000c5b80000, 0x00000000ebb80000)
  object space 42496K, 25% used [0x00000000c3200000,0x00000000c3c76850,0x00000000c5b80000)
 Metaspace       used 20793K, capacity 21054K, committed 21296K, reserved 1069056K
  class space    used 2552K, capacity 2634K, committed 2688K, reserved 1048576K
Event: 5.395 GC heap after
Heap after GC invocations=5 (full 0):
 PSYoungGen      total 66048K, used 2544K [0x00000000ebb80000, 0x00000000f4c80000, 0x0000000100000000)
  eden space 63488K, 0% used [0x00000000ebb80000,0x00000000ebb80000,0x00000000ef980000)
  from space 2560K, 99% used [0x00000000ef980000,0x00000000efbfc030,0x00000000efc00000)
  to   space 10752K, 0% used [0x00000000f4200000,0x00000000f4200000,0x00000000f4c80000)
 ParOldGen       total 42496K, used 15255K [0x00000000c3200000, 0x00000000c5b80000, 0x00000000ebb80000)
  object space 42496K, 35% used [0x00000000c3200000,0x00000000c40e5d80,0x00000000c5b80000)
 Metaspace       used 20793K, capacity 21054K, committed 21296K, reserved 1069056K
  class space    used 2552K, capacity 2634K, committed 2688K, reserved 1048576K
}
Event: 5.521 GC heap before
{Heap before GC invocations=6 (full 0):
 PSYoungGen      total 66048K, used 13392K [0x00000000ebb80000, 0x00000000f4c80000, 0x0000000100000000)
  eden space 63488K, 17% used [0x00000000ebb80000,0x00000000ec618340,0x00000000ef980000)
  from space 2560K, 99% used [0x00000000ef980000,0x00000000efbfc030,0x00000000efc00000)
  to   space 10752K, 0% used [0x00000000f4200000,0x00000000f4200000,0x00000000f4c80000)
 ParOldGen       total 42496K, used 15255K [0x00000000c3200000, 0x00000000c5b80000, 0x00000000ebb80000)
  object space 42496K, 35% used [0x00000000c3200000,0x00000000c40e5d80,0x00000000c5b80000)
 Metaspace       used 20924K, capacity 21162K, committed 21296K, reserved 1069056K
  class space    used 2572K, capacity 2668K, committed 2688K, reserved 1048576K
Event: 5.575 GC heap after
Heap after GC invocations=6 (full 0):
 PSYoungGen      total 137728K, used 3056K [0x00000000ebb80000, 0x00000000f4c80000, 0x0000000100000000)
  eden space 126976K, 0% used [0x00000000ebb80000,0x00000000ebb80000,0x00000000f3780000)
  from space 10752K, 28% used [0x00000000f4200000,0x00000000f44fc010,0x00000000f4c80000)
  to   space 10752K, 0% used [0x00000000f3780000,0x00000000f3780000,0x00000000f4200000)
 ParOldGen       total 42496K, used 15255K [0x00000000c3200000, 0x00000000c5b80000, 0x00000000ebb80000)
  object space 42496K, 35% used [0x00000000c3200000,0x00000000c40e5d80,0x00000000c5b80000)
 Metaspace       used 20924K, capacity 21162K, committed 21296K, reserved 1069056K
  class space    used 2572K, capacity 2668K, committed 2688K, reserved 1048576K
}
Event: 5.575 GC heap before
{Heap before GC invocations=7 (full 1):
 PSYoungGen      total 137728K, used 3056K [0x00000000ebb80000, 0x00000000f4c80000, 0x0000000100000000)
  eden space 126976K, 0% used [0x00000000ebb80000,0x00000000ebb80000,0x00000000f3780000)
  from space 10752K, 28% used [0x00000000f4200000,0x00000000f44fc010,0x00000000f4c80000)
  to   space 10752K, 0% used [0x00000000f3780000,0x00000000f3780000,0x00000000f4200000)
 ParOldGen       total 42496K, used 15255K [0x00000000c3200000, 0x00000000c5b80000, 0x00000000ebb80000)
  object space 42496K, 35% used [0x00000000c3200000,0x00000000c40e5d80,0x00000000c5b80000)
 Metaspace       used 20924K, capacity 21162K, committed 21296K, reserved 1069056K
  class space    used 2572K, capacity 2668K, committed 2688K, reserved 1048576K
Event: 5.712 GC heap after
Heap after GC invocations=7 (full 1):
 PSYoungGen      total 137728K, used 0K [0x00000000ebb80000, 0x00000000f4c80000, 0x0000000100000000)
  eden space 126976K, 0% used [0x00000000ebb80000,0x00000000ebb80000,0x00000000f3780000)
  from space 10752K, 0% used [0x00000000f4200000,0x00000000f4200000,0x00000000f4c80000)
  to   space 10752K, 0% used [0x00000000f3780000,0x00000000f3780000,0x00000000f4200000)
 ParOldGen       total 39424K, used 12307K [0x00000000c3200000, 0x00000000c5880000, 0x00000000ebb80000)
  object space 39424K, 31% used [0x00000000c3200000,0x00000000c3e04ff0,0x00000000c5880000)
 Metaspace       used 20924K, capacity 21162K, committed 21296K, reserved 1069056K
  class space    used 2572K, capacity 2668K, committed 2688K, reserved 1048576K
}

